<permissions>
    <allowByDefault>true</allowByDefault>
    <denied>
        <urimatcher>
            <network>trala</network>
        </urimatcher>
    </denied>
</permissions>
